
  .   ____          _            __ _ _
 /\\ / ___'_ __ _ _(_)_ __  __ _ \ \ \ \
( ( )\___ | '_ | '_| | '_ \/ _` | \ \ \ \
 \\/  ___)| |_)| | | | | || (_| |  ) ) ) )
  '  |____| .__|_| |_|_| |_\__, | / / / /
 =========|_|==============|___/=/_/_/_/

 :: Spring Boot ::                (v3.5.6)

2025-11-23T22:07:58.691+07:00  INFO 13088 --- [AURO] [           main] com.auro.auro.AuroApplication            : Starting AuroApplication v0.0.1-SNAPSHOT using Java 21.0.8 with PID 13088 (F:\Cursor\DATN_Nhom7_2\auro\target\auro-0.0.1-SNAPSHOT.jar started by Windows in F:\Cursor\DATN_Nhom7_2\auro)
2025-11-23T22:07:58.693+07:00 DEBUG 13088 --- [AURO] [           main] com.auro.auro.AuroApplication            : Running with Spring Boot v3.5.6, Spring v6.2.11
2025-11-23T22:07:58.695+07:00  INFO 13088 --- [AURO] [           main] com.auro.auro.AuroApplication            : No active profile set, falling back to 1 default profile: "default"
2025-11-23T22:07:59.750+07:00  INFO 13088 --- [AURO] [           main] .s.d.r.c.RepositoryConfigurationDelegate : Multiple Spring Data modules found, entering strict repository configuration mode
2025-11-23T22:07:59.752+07:00  INFO 13088 --- [AURO] [           main] .s.d.r.c.RepositoryConfigurationDelegate : Bootstrapping Spring Data JPA repositories in DEFAULT mode.
2025-11-23T22:07:59.940+07:00  INFO 13088 --- [AURO] [           main] .s.d.r.c.RepositoryConfigurationDelegate : Finished Spring Data repository scanning in 177 ms. Found 20 JPA repository interfaces.
2025-11-23T22:07:59.963+07:00  INFO 13088 --- [AURO] [           main] .s.d.r.c.RepositoryConfigurationDelegate : Multiple Spring Data modules found, entering strict repository configuration mode
2025-11-23T22:07:59.964+07:00  INFO 13088 --- [AURO] [           main] .s.d.r.c.RepositoryConfigurationDelegate : Bootstrapping Spring Data Redis repositories in DEFAULT mode.
2025-11-23T22:07:59.983+07:00  INFO 13088 --- [AURO] [           main] .RepositoryConfigurationExtensionSupport : Spring Data Redis - Could not safely identify store assignment for repository candidate interface com.auro.auro.repository.BienTheSanPhamRepository; If you want this repository to be a Redis repository, consider annotating your entities with one of these annotations: org.springframework.data.redis.core.RedisHash (preferred), or consider extending one of the following types with your repository: org.springframework.data.keyvalue.repository.KeyValueRepository
2025-11-23T22:07:59.984+07:00  INFO 13088 --- [AURO] [           main] .RepositoryConfigurationExtensionSupport : Spring Data Redis - Could not safely identify store assignment for repository candidate interface com.auro.auro.repository.ChatLieuRepository; If you want this repository to be a Redis repository, consider annotating your entities with one of these annotations: org.springframework.data.redis.core.RedisHash (preferred), or consider extending one of the following types with your repository: org.springframework.data.keyvalue.repository.KeyValueRepository
2025-11-23T22:07:59.984+07:00  INFO 13088 --- [AURO] [           main] .RepositoryConfigurationExtensionSupport : Spring Data Redis - Could not safely identify store assignment for repository candidate interface com.auro.auro.repository.DanhGiaSanPhamRepository; If you want this repository to be a Redis repository, consider annotating your entities with one of these annotations: org.springframework.data.redis.core.RedisHash (preferred), or consider extending one of the following types with your repository: org.springframework.data.keyvalue.repository.KeyValueRepository
2025-11-23T22:07:59.984+07:00  INFO 13088 --- [AURO] [           main] .RepositoryConfigurationExtensionSupport : Spring Data Redis - Could not safely identify store assignment for repository candidate interface com.auro.auro.repository.DanhMucRepository; If you want this repository to be a Redis repository, consider annotating your entities with one of these annotations: org.springframework.data.redis.core.RedisHash (preferred), or consider extending one of the following types with your repository: org.springframework.data.keyvalue.repository.KeyValueRepository
2025-11-23T22:07:59.984+07:00  INFO 13088 --- [AURO] [           main] .RepositoryConfigurationExtensionSupport : Spring Data Redis - Could not safely identify store assignment for repository candidate interface com.auro.auro.repository.DiaChiRepository; If you want this repository to be a Redis repository, consider annotating your entities with one of these annotations: org.springframework.data.redis.core.RedisHash (preferred), or consider extending one of the following types with your repository: org.springframework.data.keyvalue.repository.KeyValueRepository
2025-11-23T22:07:59.984+07:00  INFO 13088 --- [AURO] [           main] .RepositoryConfigurationExtensionSupport : Spring Data Redis - Could not safely identify store assignment for repository candidate interface com.auro.auro.repository.DonHangChiTietRepository; If you want this repository to be a Redis repository, consider annotating your entities with one of these annotations: org.springframework.data.redis.core.RedisHash (preferred), or consider extending one of the following types with your repository: org.springframework.data.keyvalue.repository.KeyValueRepository
2025-11-23T22:07:59.984+07:00  INFO 13088 --- [AURO] [           main] .RepositoryConfigurationExtensionSupport : Spring Data Redis - Could not safely identify store assignment for repository candidate interface com.auro.auro.repository.DonHangRepository; If you want this repository to be a Redis repository, consider annotating your entities with one of these annotations: org.springframework.data.redis.core.RedisHash (preferred), or consider extending one of the following types with your repository: org.springframework.data.keyvalue.repository.KeyValueRepository
2025-11-23T22:07:59.984+07:00  INFO 13088 --- [AURO] [           main] .RepositoryConfigurationExtensionSupport : Spring Data Redis - Could not safely identify store assignment for repository candidate interface com.auro.auro.repository.GioHangChiTietRepository; If you want this repository to be a Redis repository, consider annotating your entities with one of these annotations: org.springframework.data.redis.core.RedisHash (preferred), or consider extending one of the following types with your repository: org.springframework.data.keyvalue.repository.KeyValueRepository
2025-11-23T22:07:59.985+07:00  INFO 13088 --- [AURO] [           main] .RepositoryConfigurationExtensionSupport : Spring Data Redis - Could not safely identify store assignment for repository candidate interface com.auro.auro.repository.GioHangRepository; If you want this repository to be a Redis repository, consider annotating your entities with one of these annotations: org.springframework.data.redis.core.RedisHash (preferred), or consider extending one of the following types with your repository: org.springframework.data.keyvalue.repository.KeyValueRepository
2025-11-23T22:07:59.985+07:00  INFO 13088 --- [AURO] [           main] .RepositoryConfigurationExtensionSupport : Spring Data Redis - Could not safely identify store assignment for repository candidate interface com.auro.auro.repository.HinhAnhRepository; If you want this repository to be a Redis repository, consider annotating your entities with one of these annotations: org.springframework.data.redis.core.RedisHash (preferred), or consider extending one of the following types with your repository: org.springframework.data.keyvalue.repository.KeyValueRepository
2025-11-23T22:07:59.985+07:00  INFO 13088 --- [AURO] [           main] .RepositoryConfigurationExtensionSupport : Spring Data Redis - Could not safely identify store assignment for repository candidate interface com.auro.auro.repository.KhachHangRepository; If you want this repository to be a Redis repository, consider annotating your entities with one of these annotations: org.springframework.data.redis.core.RedisHash (preferred), or consider extending one of the following types with your repository: org.springframework.data.keyvalue.repository.KeyValueRepository
2025-11-23T22:07:59.985+07:00  INFO 13088 --- [AURO] [           main] .RepositoryConfigurationExtensionSupport : Spring Data Redis - Could not safely identify store assignment for repository candidate interface com.auro.auro.repository.KichCoRepository; If you want this repository to be a Redis repository, consider annotating your entities with one of these annotations: org.springframework.data.redis.core.RedisHash (preferred), or consider extending one of the following types with your repository: org.springframework.data.keyvalue.repository.KeyValueRepository
2025-11-23T22:07:59.985+07:00  INFO 13088 --- [AURO] [           main] .RepositoryConfigurationExtensionSupport : Spring Data Redis - Could not safely identify store assignment for repository candidate interface com.auro.auro.repository.MauSacRepository; If you want this repository to be a Redis repository, consider annotating your entities with one of these annotations: org.springframework.data.redis.core.RedisHash (preferred), or consider extending one of the following types with your repository: org.springframework.data.keyvalue.repository.KeyValueRepository
2025-11-23T22:07:59.985+07:00  INFO 13088 --- [AURO] [           main] .RepositoryConfigurationExtensionSupport : Spring Data Redis - Could not safely identify store assignment for repository candidate interface com.auro.auro.repository.NhanVienRepository; If you want this repository to be a Redis repository, consider annotating your entities with one of these annotations: org.springframework.data.redis.core.RedisHash (preferred), or consider extending one of the following types with your repository: org.springframework.data.keyvalue.repository.KeyValueRepository
2025-11-23T22:07:59.985+07:00  INFO 13088 --- [AURO] [           main] .RepositoryConfigurationExtensionSupport : Spring Data Redis - Could not safely identify store assignment for repository candidate interface com.auro.auro.repository.SanPhamRepository; If you want this repository to be a Redis repository, consider annotating your entities with one of these annotations: org.springframework.data.redis.core.RedisHash (preferred), or consider extending one of the following types with your repository: org.springframework.data.keyvalue.repository.KeyValueRepository
2025-11-23T22:07:59.987+07:00  INFO 13088 --- [AURO] [           main] .RepositoryConfigurationExtensionSupport : Spring Data Redis - Could not safely identify store assignment for repository candidate interface com.auro.auro.repository.TaiKhoanRepository; If you want this repository to be a Redis repository, consider annotating your entities with one of these annotations: org.springframework.data.redis.core.RedisHash (preferred), or consider extending one of the following types with your repository: org.springframework.data.keyvalue.repository.KeyValueRepository
2025-11-23T22:07:59.987+07:00  INFO 13088 --- [AURO] [           main] .RepositoryConfigurationExtensionSupport : Spring Data Redis - Could not safely identify store assignment for repository candidate interface com.auro.auro.repository.ThanhToanVanChuyenRepository; If you want this repository to be a Redis repository, consider annotating your entities with one of these annotations: org.springframework.data.redis.core.RedisHash (preferred), or consider extending one of the following types with your repository: org.springframework.data.keyvalue.repository.KeyValueRepository
2025-11-23T22:07:59.987+07:00  INFO 13088 --- [AURO] [           main] .RepositoryConfigurationExtensionSupport : Spring Data Redis - Could not safely identify store assignment for repository candidate interface com.auro.auro.repository.VaiTroRepository; If you want this repository to be a Redis repository, consider annotating your entities with one of these annotations: org.springframework.data.redis.core.RedisHash (preferred), or consider extending one of the following types with your repository: org.springframework.data.keyvalue.repository.KeyValueRepository
2025-11-23T22:07:59.988+07:00  INFO 13088 --- [AURO] [           main] .RepositoryConfigurationExtensionSupport : Spring Data Redis - Could not safely identify store assignment for repository candidate interface com.auro.auro.repository.VoucherKhachRepository; If you want this repository to be a Redis repository, consider annotating your entities with one of these annotations: org.springframework.data.redis.core.RedisHash (preferred), or consider extending one of the following types with your repository: org.springframework.data.keyvalue.repository.KeyValueRepository
2025-11-23T22:07:59.988+07:00  INFO 13088 --- [AURO] [           main] .RepositoryConfigurationExtensionSupport : Spring Data Redis - Could not safely identify store assignment for repository candidate interface com.auro.auro.repository.VoucherRepository; If you want this repository to be a Redis repository, consider annotating your entities with one of these annotations: org.springframework.data.redis.core.RedisHash (preferred), or consider extending one of the following types with your repository: org.springframework.data.keyvalue.repository.KeyValueRepository
2025-11-23T22:07:59.988+07:00  INFO 13088 --- [AURO] [           main] .s.d.r.c.RepositoryConfigurationDelegate : Finished Spring Data repository scanning in 11 ms. Found 0 Redis repository interfaces.
2025-11-23T22:08:00.792+07:00  INFO 13088 --- [AURO] [           main] o.s.b.w.embedded.tomcat.TomcatWebServer  : Tomcat initialized with port 8080 (http)
2025-11-23T22:08:00.809+07:00  INFO 13088 --- [AURO] [           main] o.apache.catalina.core.StandardService   : Starting service [Tomcat]
2025-11-23T22:08:00.809+07:00  INFO 13088 --- [AURO] [           main] o.apache.catalina.core.StandardEngine    : Starting Servlet engine: [Apache Tomcat/10.1.46]
2025-11-23T22:08:00.840+07:00  INFO 13088 --- [AURO] [           main] o.a.c.c.C.[Tomcat].[localhost].[/]       : Initializing Spring embedded WebApplicationContext
2025-11-23T22:08:00.842+07:00  INFO 13088 --- [AURO] [           main] w.s.c.ServletWebServerApplicationContext : Root WebApplicationContext: initialization completed in 2105 ms
2025-11-23T22:08:01.027+07:00  INFO 13088 --- [AURO] [           main] o.hibernate.jpa.internal.util.LogHelper  : HHH000204: Processing PersistenceUnitInfo [name: default]
2025-11-23T22:08:01.097+07:00  INFO 13088 --- [AURO] [           main] org.hibernate.Version                    : HHH000412: Hibernate ORM core version 6.6.29.Final
2025-11-23T22:08:01.134+07:00  INFO 13088 --- [AURO] [           main] o.h.c.internal.RegionFactoryInitiator    : HHH000026: Second-level cache disabled
2025-11-23T22:08:01.421+07:00  INFO 13088 --- [AURO] [           main] o.s.o.j.p.SpringPersistenceUnitInfo      : No LoadTimeWeaver setup: ignoring JPA class transformer
2025-11-23T22:08:01.450+07:00  INFO 13088 --- [AURO] [           main] com.zaxxer.hikari.HikariDataSource       : HikariPool-1 - Starting...
2025-11-23T22:08:01.766+07:00  INFO 13088 --- [AURO] [           main] com.zaxxer.hikari.pool.HikariPool        : HikariPool-1 - Added connection ConnectionID:1 ClientConnectionId: 4fd9da8d-0ce2-4e9f-8ed6-3459b4d20b40
2025-11-23T22:08:01.769+07:00  INFO 13088 --- [AURO] [           main] com.zaxxer.hikari.HikariDataSource       : HikariPool-1 - Start completed.
2025-11-23T22:08:01.868+07:00  WARN 13088 --- [AURO] [           main] org.hibernate.orm.deprecation            : HHH90000025: SQLServerDialect does not need to be specified explicitly using 'hibernate.dialect' (remove the property setting and it will be selected by default)
2025-11-23T22:08:01.888+07:00  INFO 13088 --- [AURO] [           main] org.hibernate.orm.connections.pooling    : HHH10001005: Database info:
	Database JDBC URL [Connecting through datasource 'HikariDataSource (HikariPool-1)']
	Database driver: undefined/unknown
	Database version: 16.0
	Autocommit mode: undefined/unknown
	Isolation level: undefined/unknown
	Minimum pool size: undefined/unknown
	Maximum pool size: undefined/unknown
2025-11-23T22:08:02.989+07:00  INFO 13088 --- [AURO] [           main] o.h.e.t.j.p.i.JtaPlatformInitiator       : HHH000489: No JTA platform available (set 'hibernate.transaction.jta.platform' to enable JTA platform integration)
2025-11-23T22:08:02.991+07:00  INFO 13088 --- [AURO] [           main] j.LocalContainerEntityManagerFactoryBean : Initialized JPA EntityManagerFactory for persistence unit 'default'
2025-11-23T22:08:03.287+07:00  INFO 13088 --- [AURO] [           main] o.s.d.j.r.query.QueryEnhancerFactory     : Hibernate is in classpath; If applicable, HQL parser will be used.
2025-11-23T22:08:03.838+07:00 DEBUG 13088 --- [AURO] [           main] c.a.a.security.JwtAuthenticationFilter   : Filter 'jwtAuthenticationFilter' configured for use
2025-11-23T22:08:03.991+07:00  INFO 13088 --- [AURO] [           main] eAuthenticationProviderManagerConfigurer : Global AuthenticationManager configured with AuthenticationProvider bean with name authenticationProvider
2025-11-23T22:08:03.991+07:00  WARN 13088 --- [AURO] [           main] r$InitializeUserDetailsManagerConfigurer : Global AuthenticationManager configured with an AuthenticationProvider bean. UserDetailsService beans will not be used by Spring Security for automatically configuring username/password login. Consider removing the AuthenticationProvider bean. Alternatively, consider using the UserDetailsService in a manually instantiated DaoAuthenticationProvider. If the current configuration is intentional, to turn off this warning, increase the logging level of 'org.springframework.security.config.annotation.authentication.configuration.InitializeUserDetailsBeanManagerConfigurer' to ERROR
2025-11-23T22:08:04.683+07:00  INFO 13088 --- [AURO] [           main] c.auro.auro.service.GHNShippingService   : 🚀 GHNShippingService initialized
2025-11-23T22:08:04.683+07:00  INFO 13088 --- [AURO] [           main] c.auro.auro.service.GHNShippingService   : 🌐 GHN API URL: https://dev-online-gateway.ghn.vn/shiip/public-api
2025-11-23T22:08:04.683+07:00  INFO 13088 --- [AURO] [           main] c.auro.auro.service.GHNShippingService   : 🏪 GHN Shop ID: 197940
2025-11-23T22:08:04.683+07:00  INFO 13088 --- [AURO] [           main] c.auro.auro.service.GHNShippingService   : 📍 From District ID: 1819 (for available-services API)
2025-11-23T22:08:04.684+07:00  INFO 13088 --- [AURO] [           main] c.auro.auro.service.GHNShippingService   : 🔑 GHN Token: 12fde179-b... (length: 36)
2025-11-23T22:08:05.098+07:00  WARN 13088 --- [AURO] [           main] JpaBaseConfiguration$JpaWebConfiguration : spring.jpa.open-in-view is enabled by default. Therefore, database queries may be performed during view rendering. Explicitly configure spring.jpa.open-in-view to disable this warning
2025-11-23T22:08:05.229+07:00 DEBUG 13088 --- [AURO] [           main] s.w.s.m.m.a.RequestMappingHandlerMapping : 110 mappings in 'requestMappingHandlerMapping'
2025-11-23T22:08:05.328+07:00 DEBUG 13088 --- [AURO] [           main] o.s.w.s.handler.SimpleUrlHandlerMapping  : Patterns [/webjars/**, /files/**, /uploads/**] in 'resourceHandlerMapping'
2025-11-23T22:08:05.659+07:00 DEBUG 13088 --- [AURO] [           main] s.w.s.m.m.a.RequestMappingHandlerAdapter : ControllerAdvice beans: 0 @ModelAttribute, 0 @InitBinder, 1 RequestBodyAdvice, 1 ResponseBodyAdvice
2025-11-23T22:08:05.725+07:00 DEBUG 13088 --- [AURO] [           main] .m.m.a.ExceptionHandlerExceptionResolver : ControllerAdvice beans: 1 @ExceptionHandler, 1 ResponseBodyAdvice
2025-11-23T22:08:06.047+07:00  INFO 13088 --- [AURO] [           main] o.s.b.w.embedded.tomcat.TomcatWebServer  : Tomcat started on port 8080 (http) with context path '/'
2025-11-23T22:08:06.068+07:00  INFO 13088 --- [AURO] [           main] com.auro.auro.AuroApplication            : Started AuroApplication in 7.843 seconds (process running for 8.364)
2025-11-23T22:08:06.142+07:00 DEBUG 13088 --- [AURO] [           main] org.hibernate.SQL                        : 
    select
        count_big(*) 
    from
        vai_tro vt1_0
Hibernate: 
    select
        count_big(*) 
    from
        vai_tro vt1_0
2025-11-23T22:08:06.173+07:00  INFO 13088 --- [AURO] [           main] com.auro.auro.config.DataInitializer     : === Roles already exist, skipping initialization ===
2025-11-23T22:09:24.148+07:00  INFO 13088 --- [AURO] [nio-8080-exec-1] o.a.c.c.C.[Tomcat].[localhost].[/]       : Initializing Spring DispatcherServlet 'dispatcherServlet'
2025-11-23T22:09:24.148+07:00  INFO 13088 --- [AURO] [nio-8080-exec-1] o.s.web.servlet.DispatcherServlet        : Initializing Servlet 'dispatcherServlet'
2025-11-23T22:09:24.148+07:00 DEBUG 13088 --- [AURO] [nio-8080-exec-1] o.s.web.servlet.DispatcherServlet        : Detected StandardServletMultipartResolver
2025-11-23T22:09:24.149+07:00 DEBUG 13088 --- [AURO] [nio-8080-exec-1] o.s.web.servlet.DispatcherServlet        : Detected AcceptHeaderLocaleResolver
2025-11-23T22:09:24.149+07:00 DEBUG 13088 --- [AURO] [nio-8080-exec-1] o.s.web.servlet.DispatcherServlet        : Detected FixedThemeResolver
2025-11-23T22:09:24.150+07:00 DEBUG 13088 --- [AURO] [nio-8080-exec-1] o.s.web.servlet.DispatcherServlet        : Detected org.springframework.web.servlet.view.DefaultRequestToViewNameTranslator@3487a5d1
2025-11-23T22:09:24.151+07:00 DEBUG 13088 --- [AURO] [nio-8080-exec-1] o.s.web.servlet.DispatcherServlet        : Detected org.springframework.web.servlet.support.SessionFlashMapManager@20f9e8e5
2025-11-23T22:09:24.151+07:00 DEBUG 13088 --- [AURO] [nio-8080-exec-1] o.s.web.servlet.DispatcherServlet        : enableLoggingRequestDetails='false': request parameters and headers will be masked to prevent unsafe logging of potentially sensitive data
2025-11-23T22:09:24.151+07:00  INFO 13088 --- [AURO] [nio-8080-exec-1] o.s.web.servlet.DispatcherServlet        : Completed initialization in 3 ms
DEBUG - JwtAuthenticationFilter: Starting filter
DEBUG - JwtAuthenticationFilter: No Bearer token
2025-11-23T22:09:24.193+07:00 DEBUG 13088 --- [AURO] [nio-8080-exec-1] o.s.web.servlet.DispatcherServlet        : POST "/api/auth/login", parameters={}
2025-11-23T22:09:24.195+07:00 DEBUG 13088 --- [AURO] [nio-8080-exec-1] s.w.s.m.m.a.RequestMappingHandlerMapping : Mapped to com.auro.auro.controller.AuthController#dangNhap(DangNhapRequest)
2025-11-23T22:09:24.317+07:00 DEBUG 13088 --- [AURO] [nio-8080-exec-1] m.m.a.RequestResponseBodyMethodProcessor : Read "application/json;charset=UTF-8" to [DangNhapRequest(login=null, matKhau=admin123, ghiNho=false)]
2025-11-23T22:09:24.363+07:00 DEBUG 13088 --- [AURO] [nio-8080-exec-1] .m.m.a.ExceptionHandlerExceptionResolver : Using @ExceptionHandler com.auro.auro.exception.GlobalExceptionHandler#handleValidationException(MethodArgumentNotValidException, WebRequest)
2025-11-23T22:09:24.364+07:00  WARN 13088 --- [AURO] [nio-8080-exec-1] c.a.a.exception.GlobalExceptionHandler   : Validation Error: Validation failed for argument [0] in public org.springframework.http.ResponseEntity<com.auro.auro.dto.response.ApiResponse<com.auro.auro.dto.response.JwtResponse>> com.auro.auro.controller.AuthController.dangNhap(com.auro.auro.dto.request.DangNhapRequest): [Field error in object 'dangNhapRequest' on field 'login': rejected value [null]; codes [NotBlank.dangNhapRequest.login,NotBlank.login,NotBlank.java.lang.String,NotBlank]; arguments [org.springframework.context.support.DefaultMessageSourceResolvable: codes [dangNhapRequest.login,login]; arguments []; default message [login]]; default message [Email hoặc số điện thoại không được để trống]]  - URL: uri=/api/auth/login
2025-11-23T22:09:24.401+07:00 DEBUG 13088 --- [AURO] [nio-8080-exec-1] o.s.w.s.m.m.a.HttpEntityMethodProcessor  : Using 'application/json', given [*/*] and supported [application/json, application/*+json]
2025-11-23T22:09:24.403+07:00 DEBUG 13088 --- [AURO] [nio-8080-exec-1] o.s.w.s.m.m.a.HttpEntityMethodProcessor  : Writing [ApiResponse(success=false, message=Dữ liệu không hợp lệ. Vui lòng kiểm tra lại., data={login=Email h (truncated)...]
2025-11-23T22:09:24.416+07:00 DEBUG 13088 --- [AURO] [nio-8080-exec-1] .m.m.a.ExceptionHandlerExceptionResolver : Resolved [org.springframework.web.bind.MethodArgumentNotValidException: Validation failed for argument [0] in public org.springframework.http.ResponseEntity<com.auro.auro.dto.response.ApiResponse<com.auro.auro.dto.response.JwtResponse>> com.auro.auro.controller.AuthController.dangNhap(com.auro.auro.dto.request.DangNhapRequest): [Field error in object 'dangNhapRequest' on field 'login': rejected value [null]; codes [NotBlank.dangNhapRequest.login,NotBlank.login,NotBlank.java.lang.String,NotBlank]; arguments [org.springframework.context.support.DefaultMessageSourceResolvable: codes [dangNhapRequest.login,login]; arguments []; default message [login]]; default message [Email hoặc số điện thoại không được để trống]] ]
2025-11-23T22:09:24.417+07:00 DEBUG 13088 --- [AURO] [nio-8080-exec-1] o.s.web.servlet.DispatcherServlet        : Completed 400 BAD_REQUEST
DEBUG - JwtAuthenticationFilter: Starting filter
DEBUG - JwtAuthenticationFilter: No Bearer token
2025-11-23T22:09:33.356+07:00 DEBUG 13088 --- [AURO] [nio-8080-exec-2] o.s.web.servlet.DispatcherServlet        : POST "/api/auth/login", parameters={}
2025-11-23T22:09:33.356+07:00 DEBUG 13088 --- [AURO] [nio-8080-exec-2] s.w.s.m.m.a.RequestMappingHandlerMapping : Mapped to com.auro.auro.controller.AuthController#dangNhap(DangNhapRequest)
2025-11-23T22:09:33.357+07:00 DEBUG 13088 --- [AURO] [nio-8080-exec-2] m.m.a.RequestResponseBodyMethodProcessor : Read "application/json;charset=UTF-8" to [DangNhapRequest(login=null, matKhau=admin123, ghiNho=false)]
2025-11-23T22:09:33.358+07:00 DEBUG 13088 --- [AURO] [nio-8080-exec-2] .m.m.a.ExceptionHandlerExceptionResolver : Using @ExceptionHandler com.auro.auro.exception.GlobalExceptionHandler#handleValidationException(MethodArgumentNotValidException, WebRequest)
2025-11-23T22:09:33.359+07:00  WARN 13088 --- [AURO] [nio-8080-exec-2] c.a.a.exception.GlobalExceptionHandler   : Validation Error: Validation failed for argument [0] in public org.springframework.http.ResponseEntity<com.auro.auro.dto.response.ApiResponse<com.auro.auro.dto.response.JwtResponse>> com.auro.auro.controller.AuthController.dangNhap(com.auro.auro.dto.request.DangNhapRequest): [Field error in object 'dangNhapRequest' on field 'login': rejected value [null]; codes [NotBlank.dangNhapRequest.login,NotBlank.login,NotBlank.java.lang.String,NotBlank]; arguments [org.springframework.context.support.DefaultMessageSourceResolvable: codes [dangNhapRequest.login,login]; arguments []; default message [login]]; default message [Email hoặc số điện thoại không được để trống]]  - URL: uri=/api/auth/login
2025-11-23T22:09:33.360+07:00 DEBUG 13088 --- [AURO] [nio-8080-exec-2] o.s.w.s.m.m.a.HttpEntityMethodProcessor  : Using 'application/json', given [*/*] and supported [application/json, application/*+json]
2025-11-23T22:09:33.360+07:00 DEBUG 13088 --- [AURO] [nio-8080-exec-2] o.s.w.s.m.m.a.HttpEntityMethodProcessor  : Writing [ApiResponse(success=false, message=Dữ liệu không hợp lệ. Vui lòng kiểm tra lại., data={login=Email h (truncated)...]
2025-11-23T22:09:33.361+07:00 DEBUG 13088 --- [AURO] [nio-8080-exec-2] .m.m.a.ExceptionHandlerExceptionResolver : Resolved [org.springframework.web.bind.MethodArgumentNotValidException: Validation failed for argument [0] in public org.springframework.http.ResponseEntity<com.auro.auro.dto.response.ApiResponse<com.auro.auro.dto.response.JwtResponse>> com.auro.auro.controller.AuthController.dangNhap(com.auro.auro.dto.request.DangNhapRequest): [Field error in object 'dangNhapRequest' on field 'login': rejected value [null]; codes [NotBlank.dangNhapRequest.login,NotBlank.login,NotBlank.java.lang.String,NotBlank]; arguments [org.springframework.context.support.DefaultMessageSourceResolvable: codes [dangNhapRequest.login,login]; arguments []; default message [login]]; default message [Email hoặc số điện thoại không được để trống]] ]
2025-11-23T22:09:33.361+07:00 DEBUG 13088 --- [AURO] [nio-8080-exec-2] o.s.web.servlet.DispatcherServlet        : Completed 400 BAD_REQUEST
DEBUG - JwtAuthenticationFilter: Starting filter
DEBUG - JwtAuthenticationFilter: No Bearer token
2025-11-23T22:09:56.565+07:00 DEBUG 13088 --- [AURO] [nio-8080-exec-3] o.s.web.servlet.DispatcherServlet        : POST "/api/auth/login", parameters={}
2025-11-23T22:09:56.565+07:00 DEBUG 13088 --- [AURO] [nio-8080-exec-3] s.w.s.m.m.a.RequestMappingHandlerMapping : Mapped to com.auro.auro.controller.AuthController#dangNhap(DangNhapRequest)
2025-11-23T22:09:56.566+07:00 DEBUG 13088 --- [AURO] [nio-8080-exec-3] m.m.a.RequestResponseBodyMethodProcessor : Read "application/json;charset=UTF-8" to [DangNhapRequest(login=null, matKhau=admin123, ghiNho=false)]
2025-11-23T22:09:56.567+07:00 DEBUG 13088 --- [AURO] [nio-8080-exec-3] .m.m.a.ExceptionHandlerExceptionResolver : Using @ExceptionHandler com.auro.auro.exception.GlobalExceptionHandler#handleValidationException(MethodArgumentNotValidException, WebRequest)
2025-11-23T22:09:56.567+07:00  WARN 13088 --- [AURO] [nio-8080-exec-3] c.a.a.exception.GlobalExceptionHandler   : Validation Error: Validation failed for argument [0] in public org.springframework.http.ResponseEntity<com.auro.auro.dto.response.ApiResponse<com.auro.auro.dto.response.JwtResponse>> com.auro.auro.controller.AuthController.dangNhap(com.auro.auro.dto.request.DangNhapRequest): [Field error in object 'dangNhapRequest' on field 'login': rejected value [null]; codes [NotBlank.dangNhapRequest.login,NotBlank.login,NotBlank.java.lang.String,NotBlank]; arguments [org.springframework.context.support.DefaultMessageSourceResolvable: codes [dangNhapRequest.login,login]; arguments []; default message [login]]; default message [Email hoặc số điện thoại không được để trống]]  - URL: uri=/api/auth/login
2025-11-23T22:09:56.568+07:00 DEBUG 13088 --- [AURO] [nio-8080-exec-3] o.s.w.s.m.m.a.HttpEntityMethodProcessor  : Using 'application/json', given [*/*] and supported [application/json, application/*+json]
2025-11-23T22:09:56.568+07:00 DEBUG 13088 --- [AURO] [nio-8080-exec-3] o.s.w.s.m.m.a.HttpEntityMethodProcessor  : Writing [ApiResponse(success=false, message=Dữ liệu không hợp lệ. Vui lòng kiểm tra lại., data={login=Email h (truncated)...]
2025-11-23T22:09:56.569+07:00 DEBUG 13088 --- [AURO] [nio-8080-exec-3] .m.m.a.ExceptionHandlerExceptionResolver : Resolved [org.springframework.web.bind.MethodArgumentNotValidException: Validation failed for argument [0] in public org.springframework.http.ResponseEntity<com.auro.auro.dto.response.ApiResponse<com.auro.auro.dto.response.JwtResponse>> com.auro.auro.controller.AuthController.dangNhap(com.auro.auro.dto.request.DangNhapRequest): [Field error in object 'dangNhapRequest' on field 'login': rejected value [null]; codes [NotBlank.dangNhapRequest.login,NotBlank.login,NotBlank.java.lang.String,NotBlank]; arguments [org.springframework.context.support.DefaultMessageSourceResolvable: codes [dangNhapRequest.login,login]; arguments []; default message [login]]; default message [Email hoặc số điện thoại không được để trống]] ]
2025-11-23T22:09:56.569+07:00 DEBUG 13088 --- [AURO] [nio-8080-exec-3] o.s.web.servlet.DispatcherServlet        : Completed 400 BAD_REQUEST
DEBUG - JwtAuthenticationFilter: Starting filter
DEBUG - JwtAuthenticationFilter: No Bearer token
2025-11-23T22:10:21.081+07:00 DEBUG 13088 --- [AURO] [nio-8080-exec-4] o.s.web.servlet.DispatcherServlet        : POST "/api/auth/login", parameters={}
2025-11-23T22:10:21.081+07:00 DEBUG 13088 --- [AURO] [nio-8080-exec-4] s.w.s.m.m.a.RequestMappingHandlerMapping : Mapped to com.auro.auro.controller.AuthController#dangNhap(DangNhapRequest)
2025-11-23T22:10:21.081+07:00 DEBUG 13088 --- [AURO] [nio-8080-exec-4] m.m.a.RequestResponseBodyMethodProcessor : Read "application/json;charset=UTF-8" to [DangNhapRequest(login=admin@gmail.com, matKhau=null, ghiNho=false)]
2025-11-23T22:10:21.082+07:00 DEBUG 13088 --- [AURO] [nio-8080-exec-4] .m.m.a.ExceptionHandlerExceptionResolver : Using @ExceptionHandler com.auro.auro.exception.GlobalExceptionHandler#handleValidationException(MethodArgumentNotValidException, WebRequest)
2025-11-23T22:10:21.082+07:00  WARN 13088 --- [AURO] [nio-8080-exec-4] c.a.a.exception.GlobalExceptionHandler   : Validation Error: Validation failed for argument [0] in public org.springframework.http.ResponseEntity<com.auro.auro.dto.response.ApiResponse<com.auro.auro.dto.response.JwtResponse>> com.auro.auro.controller.AuthController.dangNhap(com.auro.auro.dto.request.DangNhapRequest): [Field error in object 'dangNhapRequest' on field 'matKhau': rejected value [null]; codes [NotBlank.dangNhapRequest.matKhau,NotBlank.matKhau,NotBlank.java.lang.String,NotBlank]; arguments [org.springframework.context.support.DefaultMessageSourceResolvable: codes [dangNhapRequest.matKhau,matKhau]; arguments []; default message [matKhau]]; default message [Mật khẩu không được để trống]]  - URL: uri=/api/auth/login
2025-11-23T22:10:21.082+07:00 DEBUG 13088 --- [AURO] [nio-8080-exec-4] o.s.w.s.m.m.a.HttpEntityMethodProcessor  : Using 'application/json', given [*/*] and supported [application/json, application/*+json]
2025-11-23T22:10:21.082+07:00 DEBUG 13088 --- [AURO] [nio-8080-exec-4] o.s.w.s.m.m.a.HttpEntityMethodProcessor  : Writing [ApiResponse(success=false, message=Dữ liệu không hợp lệ. Vui lòng kiểm tra lại., data={matKhau=Mật k (truncated)...]
2025-11-23T22:10:21.083+07:00 DEBUG 13088 --- [AURO] [nio-8080-exec-4] .m.m.a.ExceptionHandlerExceptionResolver : Resolved [org.springframework.web.bind.MethodArgumentNotValidException: Validation failed for argument [0] in public org.springframework.http.ResponseEntity<com.auro.auro.dto.response.ApiResponse<com.auro.auro.dto.response.JwtResponse>> com.auro.auro.controller.AuthController.dangNhap(com.auro.auro.dto.request.DangNhapRequest): [Field error in object 'dangNhapRequest' on field 'matKhau': rejected value [null]; codes [NotBlank.dangNhapRequest.matKhau,NotBlank.matKhau,NotBlank.java.lang.String,NotBlank]; arguments [org.springframework.context.support.DefaultMessageSourceResolvable: codes [dangNhapRequest.matKhau,matKhau]; arguments []; default message [matKhau]]; default message [Mật khẩu không được để trống]] ]
2025-11-23T22:10:21.084+07:00 DEBUG 13088 --- [AURO] [nio-8080-exec-4] o.s.web.servlet.DispatcherServlet        : Completed 400 BAD_REQUEST
